<?xml version="1.0" encoding="UTF-8"?>
<testng-results ignored="0" total="2" passed="2" failed="0" skipped="0">
  <reporter-output>
  </reporter-output>
  <suite started-at="2024-03-09T18:55:42 IST" name="Default suite" finished-at="2024-03-09T18:56:10 IST" duration-ms="27850">
    <groups>
    </groups>
    <test started-at="2024-03-09T18:55:42 IST" name="Default test" finished-at="2024-03-09T18:56:10 IST" duration-ms="27850">
      <class name="TestNG.CricBuzz">
        <test-method is-config="true" signature="cricpre()[pri:0, instance:TestNG.CricBuzz@55634720]" started-at="2024-03-09T18:55:42 IST" name="cricpre" finished-at="2024-03-09T18:55:47 IST" duration-ms="4910" status="PASS">
          <reporter-output>
          </reporter-output>
        </test-method> <!-- cricpre -->
        <test-method signature="cricClick()[pri:0, instance:TestNG.CricBuzz@55634720]" started-at="2024-03-09T18:55:47 IST" name="cricClick" finished-at="2024-03-09T18:55:56 IST" duration-ms="9327" status="PASS">
          <reporter-output>
          </reporter-output>
        </test-method> <!-- cricClick -->
        <test-method is-config="true" signature="cricpost()[pri:0, instance:TestNG.CricBuzz@55634720]" started-at="2024-03-09T18:55:56 IST" name="cricpost" finished-at="2024-03-09T18:55:57 IST" duration-ms="397" status="PASS">
          <reporter-output>
          </reporter-output>
        </test-method> <!-- cricpost -->
        <test-method is-config="true" signature="cricpre()[pri:0, instance:TestNG.CricBuzz@55634720]" started-at="2024-03-09T18:55:57 IST" name="cricpre" finished-at="2024-03-09T18:56:05 IST" duration-ms="8002" status="PASS">
          <reporter-output>
          </reporter-output>
        </test-method> <!-- cricpre -->
        <test-method signature="cricsearch()[pri:0, instance:TestNG.CricBuzz@55634720]" started-at="2024-03-09T18:56:05 IST" name="cricsearch" finished-at="2024-03-09T18:56:09 IST" duration-ms="4597" status="PASS">
          <reporter-output>
          </reporter-output>
        </test-method> <!-- cricsearch -->
        <test-method is-config="true" signature="cricpost()[pri:0, instance:TestNG.CricBuzz@55634720]" started-at="2024-03-09T18:56:09 IST" name="cricpost" finished-at="2024-03-09T18:56:10 IST" duration-ms="559" status="PASS">
          <reporter-output>
          </reporter-output>
        </test-method> <!-- cricpost -->
      </class> <!-- TestNG.CricBuzz -->
    </test> <!-- Default test -->
  </suite> <!-- Default suite -->
</testng-results>
