<?xml version="1.0" encoding="UTF-8"?>
<testng-results ignored="0" total="1" passed="1" failed="0" skipped="0">
  <reporter-output>
  </reporter-output>
  <suite started-at="2026-03-17T02:12:17 IST" name="Default suite" finished-at="2026-03-17T02:12:24 IST" duration-ms="7093">
    <groups>
    </groups>
    <test started-at="2026-03-17T02:12:17 IST" name="Default test" finished-at="2026-03-17T02:12:24 IST" duration-ms="7093">
      <class name="prac1.practiceMe">
        <test-method is-config="true" signature="setUp()[pri:0, instance:prac1.practiceMe@74d1dc36]" started-at="2026-03-17T02:12:17 IST" name="setUp" finished-at="2026-03-17T02:12:23 IST" duration-ms="6524" status="PASS">
          <reporter-output>
          </reporter-output>
        </test-method> <!-- setUp -->
        <test-method signature="locations()[pri:0, instance:prac1.practiceMe@74d1dc36]" started-at="2026-03-17T02:12:23 IST" name="locations" finished-at="2026-03-17T02:12:23 IST" duration-ms="185" status="PASS">
          <reporter-output>
          </reporter-output>
        </test-method> <!-- locations -->
        <test-method is-config="true" signature="tearDown()[pri:0, instance:prac1.practiceMe@74d1dc36]" started-at="2026-03-17T02:12:23 IST" name="tearDown" finished-at="2026-03-17T02:12:24 IST" duration-ms="324" status="PASS">
          <reporter-output>
          </reporter-output>
        </test-method> <!-- tearDown -->
      </class> <!-- prac1.practiceMe -->
    </test> <!-- Default test -->
  </suite> <!-- Default suite -->
</testng-results>
