<?xml version="1.0" encoding="UTF-8"?>
<testng-results ignored="0" total="1" passed="1" failed="0" skipped="0">
  <reporter-output>
  </reporter-output>
  <suite started-at="2025-06-02T19:25:09 IST" name="Default suite" finished-at="2025-06-02T19:25:10 IST" duration-ms="1456">
    <groups>
    </groups>
    <test started-at="2025-06-02T19:25:09 IST" name="Default test" finished-at="2025-06-02T19:25:10 IST" duration-ms="1456">
      <class name="SumValidation">
        <test-method signature="checkSum()[pri:0, instance:SumValidation@38cee291]" started-at="2025-06-02T19:25:09 IST" name="checkSum" finished-at="2025-06-02T19:25:10 IST" duration-ms="1401" status="PASS">
          <reporter-output>
          </reporter-output>
        </test-method> <!-- checkSum -->
      </class> <!-- SumValidation -->
    </test> <!-- Default test -->
  </suite> <!-- Default suite -->
</testng-results>
